Determining if the pthread_create exist failed with the following output:
Change Dir: /home/w/Desktop/Reconstruction/InfiniTAM-Dyn/build/CMakeFiles/CMakeTmp

Run Build Command:"/usr/bin/make" "cmTC_2db7d/fast"
/usr/bin/make -f CMakeFiles/cmTC_2db7d.dir/build.make CMakeFiles/cmTC_2db7d.dir/build
make[1]: Entering directory '/home/w/Desktop/Reconstruction/InfiniTAM-Dyn/build/CMakeFiles/CMakeTmp'
Building C object CMakeFiles/cmTC_2db7d.dir/CheckSymbolExists.c.o
/usr/bin/cc    -fPIC    -o CMakeFiles/cmTC_2db7d.dir/CheckSymbolExists.c.o   -c /home/w/Desktop/Reconstruction/InfiniTAM-Dyn/build/CMakeFiles/CMakeTmp/CheckSymbolExists.c
Linking C executable cmTC_2db7d
/usr/bin/cmake -E cmake_link_script CMakeFiles/cmTC_2db7d.dir/link.txt --verbose=1
/usr/bin/cc  -fPIC     CMakeFiles/cmTC_2db7d.dir/CheckSymbolExists.c.o  -o cmTC_2db7d -rdynamic 
CMakeFiles/cmTC_2db7d.dir/CheckSymbolExists.c.o：在函数‘main’中：
CheckSymbolExists.c:(.text+0x1b)：对‘pthread_create’未定义的引用
collect2: error: ld returned 1 exit status
CMakeFiles/cmTC_2db7d.dir/build.make:97: recipe for target 'cmTC_2db7d' failed
make[1]: *** [cmTC_2db7d] Error 1
make[1]: Leaving directory '/home/w/Desktop/Reconstruction/InfiniTAM-Dyn/build/CMakeFiles/CMakeTmp'
Makefile:126: recipe for target 'cmTC_2db7d/fast' failed
make: *** [cmTC_2db7d/fast] Error 2

File /home/w/Desktop/Reconstruction/InfiniTAM-Dyn/build/CMakeFiles/CMakeTmp/CheckSymbolExists.c:
/* */
#include <pthread.h>

int main(int argc, char** argv)
{
  (void)argv;
#ifndef pthread_create
  return ((int*)(&pthread_create))[argc];
#else
  (void)argc;
  return 0;
#endif
}

Determining if the function pthread_create exists in the pthreads failed with the following output:
Change Dir: /home/w/Desktop/Reconstruction/InfiniTAM-Dyn/build/CMakeFiles/CMakeTmp

Run Build Command:"/usr/bin/make" "cmTC_175a1/fast"
/usr/bin/make -f CMakeFiles/cmTC_175a1.dir/build.make CMakeFiles/cmTC_175a1.dir/build
make[1]: Entering directory '/home/w/Desktop/Reconstruction/InfiniTAM-Dyn/build/CMakeFiles/CMakeTmp'
Building C object CMakeFiles/cmTC_175a1.dir/CheckFunctionExists.c.o
/usr/bin/cc    -fPIC -DCHECK_FUNCTION_EXISTS=pthread_create   -o CMakeFiles/cmTC_175a1.dir/CheckFunctionExists.c.o   -c /usr/share/cmake-3.5/Modules/CheckFunctionExists.c
Linking C executable cmTC_175a1
/usr/bin/cmake -E cmake_link_script CMakeFiles/cmTC_175a1.dir/link.txt --verbose=1
/usr/bin/cc  -fPIC -DCHECK_FUNCTION_EXISTS=pthread_create    CMakeFiles/cmTC_175a1.dir/CheckFunctionExists.c.o  -o cmTC_175a1 -rdynamic -lpthreads 
/usr/bin/ld: 找不到 -lpthreads
collect2: error: ld returned 1 exit status
CMakeFiles/cmTC_175a1.dir/build.make:97: recipe for target 'cmTC_175a1' failed
make[1]: *** [cmTC_175a1] Error 1
make[1]: Leaving directory '/home/w/Desktop/Reconstruction/InfiniTAM-Dyn/build/CMakeFiles/CMakeTmp'
Makefile:126: recipe for target 'cmTC_175a1/fast' failed
make: *** [cmTC_175a1/fast] Error 2


